[
  {
    "line": 1,
    "elements": [
      {
        "line": 4,
        "name": "Verify that product has been addeed to the cart",
        "description": "",
        "id": "this-is-to-validate-cartspring-functionality;verify-that-product-has-been-addeed-to-the-cart",
        "type": "scenario",
        "keyword": "Scenario",
        "steps": [
          {
            "result": {
              "duration": 1658927700,
              "status": "passed"
            },
            "line": 6,
            "name": "Launch spring \"\u003cURL\u003e\" application",
            "match": {
              "arguments": [
                {
                  "val": "\u003cURL\u003e",
                  "offset": 15
                }
              ],
              "location": "loginSpring.launch_spring_application(String)"
            },
            "keyword": "Given "
          },
          {
            "result": {
              "duration": 165675700,
              "status": "passed"
            },
            "line": 7,
            "name": "Mouse Hover on Women category",
            "match": {
              "location": "cartSpring.mouse_Hover_on_Women_category()"
            },
            "keyword": "Then "
          },
          {
            "result": {
              "duration": 1475051100,
              "status": "passed"
            },
            "line": 8,
            "name": "Click Tshirt",
            "match": {
              "location": "cartSpring.click_Tshirt()"
            },
            "keyword": "Then "
          },
          {
            "result": {
              "duration": 2633526700,
              "status": "passed"
            },
            "line": 9,
            "name": "Select highest price from  dropdown",
            "match": {
              "location": "cartSpring.Select_highest_price_from_dorpdown()"
            },
            "keyword": "Then "
          },
          {
            "result": {
              "duration": 12219437500,
              "error_message": "org.openqa.selenium.json.JsonException: java.lang.reflect.InvocationTargetException\nBuild info: version: \u00273.14.0\u0027, revision: \u0027aacccce0\u0027, time: \u00272018-08-02T20:19:58.91Z\u0027\nSystem info: host: \u0027ARFA-LAPTOP\u0027, ip: \u0027192.168.0.8\u0027, os.name: \u0027Windows 10\u0027, os.arch: \u0027amd64\u0027, os.version: \u002710.0\u0027, java.version: \u002711.0.13\u0027\nDriver info: driver.version: RemoteWebDriver\r\n\tat org.openqa.selenium.json.JsonOutput.convertUsingMethod(JsonOutput.java:315)\r\n\tat org.openqa.selenium.json.JsonOutput.lambda$new$14(JsonOutput.java:152)\r\n\tat org.openqa.selenium.json.JsonOutput$SafeBiConsumer.accept(JsonOutput.java:407)\r\n\tat org.openqa.selenium.json.JsonOutput.write(JsonOutput.java:261)\r\n\tat org.openqa.selenium.json.JsonOutput.lambda$null$19(JsonOutput.java:165)\r\n\tat java.base/java.util.LinkedHashMap$LinkedValues.forEach(LinkedHashMap.java:608)\r\n\tat org.openqa.selenium.json.JsonOutput.lambda$new$20(JsonOutput.java:165)\r\n\tat org.openqa.selenium.json.JsonOutput$SafeBiConsumer.accept(JsonOutput.java:407)\r\n\tat org.openqa.selenium.json.JsonOutput.write(JsonOutput.java:261)\r\n\tat org.openqa.selenium.json.JsonOutput.lambda$null$21(JsonOutput.java:174)\r\n\tat com.google.common.collect.SingletonImmutableBiMap.forEach(SingletonImmutableBiMap.java:65)\r\n\tat org.openqa.selenium.json.JsonOutput.lambda$new$22(JsonOutput.java:173)\r\n\tat org.openqa.selenium.json.JsonOutput$SafeBiConsumer.accept(JsonOutput.java:407)\r\n\tat org.openqa.selenium.json.JsonOutput.write(JsonOutput.java:261)\r\n\tat org.openqa.selenium.json.JsonOutput.write(JsonOutput.java:252)\r\n\tat org.openqa.selenium.json.Json.toJson(Json.java:42)\r\n\tat org.openqa.selenium.remote.http.AbstractHttpCommandCodec.encode(AbstractHttpCommandCodec.java:227)\r\n\tat org.openqa.selenium.remote.http.AbstractHttpCommandCodec.encode(AbstractHttpCommandCodec.java:117)\r\n\tat org.openqa.selenium.remote.HttpCommandExecutor.execute(HttpCommandExecutor.java:152)\r\n\tat org.openqa.selenium.remote.service.DriverCommandExecutor.execute(DriverCommandExecutor.java:83)\r\n\tat org.openqa.selenium.remote.RemoteWebDriver.execute(RemoteWebDriver.java:548)\r\n\tat org.openqa.selenium.remote.RemoteWebDriver.perform(RemoteWebDriver.java:614)\r\n\tat org.openqa.selenium.interactions.Actions$BuiltAction.perform(Actions.java:640)\r\n\tat com.spring.action.categorypageSpringActions.MousehoverandclickQuickviewtshirt(categorypageSpringActions.java:26)\r\n\tat StepDefinitionSpring.cartSpring.mouse_hover_and_click_Quick_view_tshirt(cartSpring.java:35)\r\n\tat âœ½.Then Mouse hover and click Quick view tshirt(cartSpring.feature:10)\r\n\tSuppressed: org.openqa.selenium.json.JsonException: Attempting to close incomplete json stream\nBuild info: version: \u00273.14.0\u0027, revision: \u0027aacccce0\u0027, time: \u00272018-08-02T20:19:58.91Z\u0027\nSystem info: host: \u0027ARFA-LAPTOP\u0027, ip: \u0027192.168.0.8\u0027, os.name: \u0027Windows 10\u0027, os.arch: \u0027amd64\u0027, os.version: \u002710.0\u0027, java.version: \u002711.0.13\u0027\nDriver info: driver.version: RemoteWebDriver\r\n\t\tat org.openqa.selenium.json.JsonOutput.close(JsonOutput.java:276)\r\n\t\tat org.openqa.selenium.json.Json.toJson(Json.java:44)\r\n\t\tat org.openqa.selenium.remote.http.AbstractHttpCommandCodec.encode(AbstractHttpCommandCodec.java:227)\r\n\t\tat org.openqa.selenium.remote.http.AbstractHttpCommandCodec.encode(AbstractHttpCommandCodec.java:117)\r\n\t\tat org.openqa.selenium.remote.HttpCommandExecutor.execute(HttpCommandExecutor.java:152)\r\n\t\tat org.openqa.selenium.remote.service.DriverCommandExecutor.execute(DriverCommandExecutor.java:83)\r\n\t\tat org.openqa.selenium.remote.RemoteWebDriver.execute(RemoteWebDriver.java:548)\r\n\t\tat org.openqa.selenium.remote.RemoteWebDriver.perform(RemoteWebDriver.java:614)\r\n\t\tat org.openqa.selenium.interactions.Actions$BuiltAction.perform(Actions.java:640)\r\n\t\tat com.spring.action.categorypageSpringActions.MousehoverandclickQuickviewtshirt(categorypageSpringActions.java:26)\r\n\t\tat StepDefinitionSpring.cartSpring.mouse_hover_and_click_Quick_view_tshirt(cartSpring.java:35)\r\n\t\tat java.base/jdk.internal.reflect.NativeMethodAccessorImpl.invoke0(Native Method)\r\n\t\tat java.base/jdk.internal.reflect.NativeMethodAccessorImpl.invoke(NativeMethodAccessorImpl.java:62)\r\n\t\tat java.base/jdk.internal.reflect.DelegatingMethodAccessorImpl.invoke(DelegatingMethodAccessorImpl.java:43)\r\n\t\tat java.base/java.lang.reflect.Method.invoke(Method.java:566)\r\n\t\tat cucumber.runtime.Utils$1.call(Utils.java:40)\r\n\t\tat cucumber.runtime.Timeout.timeout(Timeout.java:16)\r\n\t\tat cucumber.runtime.Utils.invoke(Utils.java:34)\r\n\t\tat cucumber.runtime.java.JavaStepDefinition.execute(JavaStepDefinition.java:38)\r\n\t\tat cucumber.runtime.StepDefinitionMatch.runStep(StepDefinitionMatch.java:37)\r\n\t\tat cucumber.runtime.Runtime.runStep(Runtime.java:300)\r\n\t\tat cucumber.runtime.model.StepContainer.runStep(StepContainer.java:44)\r\n\t\tat cucumber.runtime.model.StepContainer.runSteps(StepContainer.java:39)\r\n\t\tat cucumber.runtime.model.CucumberScenario.run(CucumberScenario.java:44)\r\n\t\tat cucumber.runtime.model.CucumberFeature.run(CucumberFeature.java:165)\r\n\t\tat cucumber.api.testng.TestNGCucumberRunner.runCucumber(TestNGCucumberRunner.java:63)\r\n\t\tat cucumber.api.testng.AbstractTestNGCucumberTests.feature(AbstractTestNGCucumberTests.java:21)\r\n\t\tat java.base/jdk.internal.reflect.NativeMethodAccessorImpl.invoke0(Native Method)\r\n\t\tat java.base/jdk.internal.reflect.NativeMethodAccessorImpl.invoke(NativeMethodAccessorImpl.java:62)\r\n\t\tat java.base/jdk.internal.reflect.DelegatingMethodAccessorImpl.invoke(DelegatingMethodAccessorImpl.java:43)\r\n\t\tat java.base/java.lang.reflect.Method.invoke(Method.java:566)\r\n\t\tat org.testng.internal.MethodInvocationHelper.invokeMethod(MethodInvocationHelper.java:132)\r\n\t\tat org.testng.internal.TestInvoker.invokeMethod(TestInvoker.java:599)\r\n\t\tat org.testng.internal.TestInvoker.invokeTestMethod(TestInvoker.java:174)\r\n\t\tat org.testng.internal.MethodRunner.runInSequence(MethodRunner.java:46)\r\n\t\tat org.testng.internal.TestInvoker$MethodInvocationAgent.invoke(TestInvoker.java:822)\r\n\t\tat org.testng.internal.TestInvoker.invokeTestMethods(TestInvoker.java:147)\r\n\t\tat org.testng.internal.TestMethodWorker.invokeTestMethods(TestMethodWorker.java:146)\r\n\t\tat org.testng.internal.TestMethodWorker.run(TestMethodWorker.java:128)\r\n\t\tat java.base/java.util.ArrayList.forEach(ArrayList.java:1541)\r\n\t\tat org.testng.TestRunner.privateRun(TestRunner.java:764)\r\n\t\tat org.testng.TestRunner.run(TestRunner.java:585)\r\n\t\tat org.testng.SuiteRunner.runTest(SuiteRunner.java:384)\r\n\t\tat org.testng.SuiteRunner.runSequentially(SuiteRunner.java:378)\r\n\t\tat org.testng.SuiteRunner.privateRun(SuiteRunner.java:337)\r\n\t\tat org.testng.SuiteRunner.run(SuiteRunner.java:286)\r\n\t\tat org.testng.SuiteRunnerWorker.runSuite(SuiteRunnerWorker.java:53)\r\n\t\tat org.testng.SuiteRunnerWorker.run(SuiteRunnerWorker.java:96)\r\n\t\tat org.testng.TestNG.runSuitesSequentially(TestNG.java:1218)\r\n\t\tat org.testng.TestNG.runSuitesLocally(TestNG.java:1140)\r\n\t\tat org.testng.TestNG.runSuites(TestNG.java:1069)\r\n\t\tat org.testng.TestNG.run(TestNG.java:1037)\r\n\t\tat org.testng.remote.AbstractRemoteTestNG.run(AbstractRemoteTestNG.java:115)\r\n\t\tat org.testng.remote.RemoteTestNG.initAndRun(RemoteTestNG.java:251)\r\n\t\tat org.testng.remote.RemoteTestNG.main(RemoteTestNG.java:77)\r\nCaused by: java.lang.reflect.InvocationTargetException\r\n\tat java.base/jdk.internal.reflect.NativeMethodAccessorImpl.invoke0(Native Method)\r\n\tat java.base/jdk.internal.reflect.NativeMethodAccessorImpl.invoke(NativeMethodAccessorImpl.java:62)\r\n\tat java.base/jdk.internal.reflect.DelegatingMethodAccessorImpl.invoke(DelegatingMethodAccessorImpl.java:43)\r\n\tat java.base/java.lang.reflect.Method.invoke(Method.java:566)\r\n\tat org.openqa.selenium.json.JsonOutput.convertUsingMethod(JsonOutput.java:311)\r\n\tat org.openqa.selenium.json.JsonOutput.lambda$new$14(JsonOutput.java:152)\r\n\tat org.openqa.selenium.json.JsonOutput$SafeBiConsumer.accept(JsonOutput.java:407)\r\n\tat org.openqa.selenium.json.JsonOutput.write(JsonOutput.java:261)\r\n\tat org.openqa.selenium.json.JsonOutput.lambda$null$19(JsonOutput.java:165)\r\n\tat java.base/java.util.LinkedHashMap$LinkedValues.forEach(LinkedHashMap.java:608)\r\n\tat org.openqa.selenium.json.JsonOutput.lambda$new$20(JsonOutput.java:165)\r\n\tat org.openqa.selenium.json.JsonOutput$SafeBiConsumer.accept(JsonOutput.java:407)\r\n\tat org.openqa.selenium.json.JsonOutput.write(JsonOutput.java:261)\r\n\tat org.openqa.selenium.json.JsonOutput.lambda$null$21(JsonOutput.java:174)\r\n\tat com.google.common.collect.SingletonImmutableBiMap.forEach(SingletonImmutableBiMap.java:65)\r\n\tat org.openqa.selenium.json.JsonOutput.lambda$new$22(JsonOutput.java:173)\r\n\tat org.openqa.selenium.json.JsonOutput$SafeBiConsumer.accept(JsonOutput.java:407)\r\n\tat org.openqa.selenium.json.JsonOutput.write(JsonOutput.java:261)\r\n\tat org.openqa.selenium.json.JsonOutput.write(JsonOutput.java:252)\r\n\tat org.openqa.selenium.json.Json.toJson(Json.java:42)\r\n\tat org.openqa.selenium.remote.http.AbstractHttpCommandCodec.encode(AbstractHttpCommandCodec.java:227)\r\n\tat org.openqa.selenium.remote.http.AbstractHttpCommandCodec.encode(AbstractHttpCommandCodec.java:117)\r\n\tat org.openqa.selenium.remote.HttpCommandExecutor.execute(HttpCommandExecutor.java:152)\r\n\tat org.openqa.selenium.remote.service.DriverCommandExecutor.execute(DriverCommandExecutor.java:83)\r\n\tat org.openqa.selenium.remote.RemoteWebDriver.execute(RemoteWebDriver.java:548)\r\n\tat org.openqa.selenium.remote.RemoteWebDriver.perform(RemoteWebDriver.java:614)\r\n\tat org.openqa.selenium.interactions.Actions$BuiltAction.perform(Actions.java:640)\r\n\tat com.spring.action.categorypageSpringActions.MousehoverandclickQuickviewtshirt(categorypageSpringActions.java:26)\r\n\tat StepDefinitionSpring.cartSpring.mouse_hover_and_click_Quick_view_tshirt(cartSpring.java:35)\r\n\tat java.base/jdk.internal.reflect.NativeMethodAccessorImpl.invoke0(Native Method)\r\n\tat java.base/jdk.internal.reflect.NativeMethodAccessorImpl.invoke(NativeMethodAccessorImpl.java:62)\r\n\tat java.base/jdk.internal.reflect.DelegatingMethodAccessorImpl.invoke(DelegatingMethodAccessorImpl.java:43)\r\n\tat java.base/java.lang.reflect.Method.invoke(Method.java:566)\r\n\tat cucumber.runtime.Utils$1.call(Utils.java:40)\r\n\tat cucumber.runtime.Timeout.timeout(Timeout.java:16)\r\n\tat cucumber.runtime.Utils.invoke(Utils.java:34)\r\n\tat cucumber.runtime.java.JavaStepDefinition.execute(JavaStepDefinition.java:38)\r\n\tat cucumber.runtime.StepDefinitionMatch.runStep(StepDefinitionMatch.java:37)\r\n\tat cucumber.runtime.Runtime.runStep(Runtime.java:300)\r\n\tat cucumber.runtime.model.StepContainer.runStep(StepContainer.java:44)\r\n\tat cucumber.runtime.model.StepContainer.runSteps(StepContainer.java:39)\r\n\tat cucumber.runtime.model.CucumberScenario.run(CucumberScenario.java:44)\r\n\tat cucumber.runtime.model.CucumberFeature.run(CucumberFeature.java:165)\r\n\tat cucumber.api.testng.TestNGCucumberRunner.runCucumber(TestNGCucumberRunner.java:63)\r\n\tat cucumber.api.testng.AbstractTestNGCucumberTests.feature(AbstractTestNGCucumberTests.java:21)\r\n\tat java.base/jdk.internal.reflect.NativeMethodAccessorImpl.invoke0(Native Method)\r\n\tat java.base/jdk.internal.reflect.NativeMethodAccessorImpl.invoke(NativeMethodAccessorImpl.java:62)\r\n\tat java.base/jdk.internal.reflect.DelegatingMethodAccessorImpl.invoke(DelegatingMethodAccessorImpl.java:43)\r\n\tat java.base/java.lang.reflect.Method.invoke(Method.java:566)\r\n\tat org.testng.internal.MethodInvocationHelper.invokeMethod(MethodInvocationHelper.java:132)\r\n\tat org.testng.internal.TestInvoker.invokeMethod(TestInvoker.java:599)\r\n\tat org.testng.internal.TestInvoker.invokeTestMethod(TestInvoker.java:174)\r\n\tat org.testng.internal.MethodRunner.runInSequence(MethodRunner.java:46)\r\n\tat org.testng.internal.TestInvoker$MethodInvocationAgent.invoke(TestInvoker.java:822)\r\n\tat org.testng.internal.TestInvoker.invokeTestMethods(TestInvoker.java:147)\r\n\tat org.testng.internal.TestMethodWorker.invokeTestMethods(TestMethodWorker.java:146)\r\n\tat org.testng.internal.TestMethodWorker.run(TestMethodWorker.java:128)\r\n\tat java.base/java.util.ArrayList.forEach(ArrayList.java:1541)\r\n\tat org.testng.TestRunner.privateRun(TestRunner.java:764)\r\n\tat org.testng.TestRunner.run(TestRunner.java:585)\r\n\tat org.testng.SuiteRunner.runTest(SuiteRunner.java:384)\r\n\tat org.testng.SuiteRunner.runSequentially(SuiteRunner.java:378)\r\n\tat org.testng.SuiteRunner.privateRun(SuiteRunner.java:337)\r\n\tat org.testng.SuiteRunner.run(SuiteRunner.java:286)\r\n\tat org.testng.SuiteRunnerWorker.runSuite(SuiteRunnerWorker.java:53)\r\n\tat org.testng.SuiteRunnerWorker.run(SuiteRunnerWorker.java:96)\r\n\tat org.testng.TestNG.runSuitesSequentially(TestNG.java:1218)\r\n\tat org.testng.TestNG.runSuitesLocally(TestNG.java:1140)\r\n\tat org.testng.TestNG.runSuites(TestNG.java:1069)\r\n\tat org.testng.TestNG.run(TestNG.java:1037)\r\n\tat org.testng.remote.AbstractRemoteTestNG.run(AbstractRemoteTestNG.java:115)\r\n\tat org.testng.remote.RemoteTestNG.initAndRun(RemoteTestNG.java:251)\r\n\tat org.testng.remote.RemoteTestNG.main(RemoteTestNG.java:77)\r\nCaused by: org.openqa.selenium.WebDriverException: chrome not reachable\n  (Session info: chrome\u003d103.0.5060.114)\nBuild info: version: \u00273.14.0\u0027, revision: \u0027aacccce0\u0027, time: \u00272018-08-02T20:19:58.91Z\u0027\nSystem info: host: \u0027ARFA-LAPTOP\u0027, ip: \u0027192.168.0.8\u0027, os.name: \u0027Windows 10\u0027, os.arch: \u0027amd64\u0027, os.version: \u002710.0\u0027, java.version: \u002711.0.13\u0027\nDriver info: org.openqa.selenium.chrome.ChromeDriver\nCapabilities {acceptInsecureCerts: false, browserName: chrome, browserVersion: 103.0.5060.114, chrome: {chromedriverVersion: 102.0.5005.61 (0e59bcc00cc4..., userDataDir: C:\\Users\\ARFAAK~1\\AppData\\L...}, goog:chromeOptions: {debuggerAddress: localhost:49268}, javascriptEnabled: true, networkConnectionEnabled: false, pageLoadStrategy: normal, platform: WINDOWS, platformName: WINDOWS, proxy: Proxy(), setWindowRect: true, strictFileInteractability: false, timeouts: {implicit: 0, pageLoad: 300000, script: 30000}, unhandledPromptBehavior: dismiss and notify, webauthn:extension:credBlob: true, webauthn:extension:largeBlob: true, webauthn:virtualAuthenticators: true}\nSession ID: 799296d71daf99782aed4675b48e089b\n*** Element info: {Using\u003dxpath, value\u003d//div[@class\u003d\"product-container\"]}\r\n\tat java.base/jdk.internal.reflect.NativeConstructorAccessorImpl.newInstance0(Native Method)\r\n\tat java.base/jdk.internal.reflect.NativeConstructorAccessorImpl.newInstance(NativeConstructorAccessorImpl.java:62)\r\n\tat java.base/jdk.internal.reflect.DelegatingConstructorAccessorImpl.newInstance(DelegatingConstructorAccessorImpl.java:45)\r\n\tat java.base/java.lang.reflect.Constructor.newInstance(Constructor.java:490)\r\n\tat org.openqa.selenium.remote.http.W3CHttpResponseCodec.createException(W3CHttpResponseCodec.java:187)\r\n\tat org.openqa.selenium.remote.http.W3CHttpResponseCodec.decode(W3CHttpResponseCodec.java:122)\r\n\tat org.openqa.selenium.remote.http.W3CHttpResponseCodec.decode(W3CHttpResponseCodec.java:49)\r\n\tat org.openqa.selenium.remote.HttpCommandExecutor.execute(HttpCommandExecutor.java:158)\r\n\tat org.openqa.selenium.remote.service.DriverCommandExecutor.execute(DriverCommandExecutor.java:83)\r\n\tat org.openqa.selenium.remote.RemoteWebDriver.execute(RemoteWebDriver.java:548)\r\n\tat org.openqa.selenium.remote.RemoteWebDriver.findElement(RemoteWebDriver.java:322)\r\n\tat org.openqa.selenium.remote.RemoteWebDriver.findElementByXPath(RemoteWebDriver.java:424)\r\n\tat org.openqa.selenium.By$ByXPath.findElement(By.java:353)\r\n\tat org.openqa.selenium.remote.RemoteWebDriver.findElement(RemoteWebDriver.java:314)\r\n\tat org.openqa.selenium.support.pagefactory.DefaultElementLocator.findElement(DefaultElementLocator.java:69)\r\n\tat org.openqa.selenium.support.pagefactory.internal.LocatingElementHandler.invoke(LocatingElementHandler.java:38)\r\n\tat com.sun.proxy.$Proxy23.getWrappedElement(Unknown Source)\r\n\tat org.openqa.selenium.interactions.PointerInput$Origin.asArg(PointerInput.java:204)\r\n\tat org.openqa.selenium.interactions.PointerInput$Move.encode(PointerInput.java:155)\r\n\tat org.openqa.selenium.interactions.Sequence.encode(Sequence.java:75)\r\n\tat org.openqa.selenium.interactions.Sequence.toJson(Sequence.java:84)\r\n\t... 73 more\r\n",
              "status": "failed"
            },
            "line": 10,
            "name": "Mouse hover and click Quick view tshirt",
            "match": {
              "location": "cartSpring.mouse_hover_and_click_Quick_view_tshirt()"
            },
            "keyword": "Then "
          },
          {
            "result": {
              "status": "skipped"
            },
            "line": 11,
            "name": "Click blue Tshirt",
            "match": {
              "location": "cartSpring.click_blue_Tshirt()"
            },
            "keyword": "Then "
          },
          {
            "result": {
              "status": "skipped"
            },
            "line": 12,
            "name": "Enter five quantity",
            "match": {
              "location": "cartSpring.enter_five_quantity()"
            },
            "keyword": "Then "
          },
          {
            "result": {
              "status": "skipped"
            },
            "line": 13,
            "name": "Click add to Cart",
            "match": {
              "location": "cartSpring.click_add_to_Cart()"
            },
            "keyword": "Then "
          },
          {
            "result": {
              "status": "skipped"
            },
            "line": 14,
            "name": "Click proceed to checkout button",
            "match": {
              "location": "cartSpring.click_proceed_to_checkout_button()"
            },
            "keyword": "Then "
          },
          {
            "result": {
              "status": "skipped"
            },
            "line": 15,
            "name": "Verify product added to cart",
            "match": {
              "location": "cartSpring.verify_product_added_to_cart()"
            },
            "keyword": "Then "
          }
        ],
        "tags": [
          {
            "line": 3,
            "name": "@cart"
          }
        ]
      }
    ],
    "name": "This is to validate cartSpring functionality",
    "description": "",
    "id": "this-is-to-validate-cartspring-functionality",
    "keyword": "Feature",
    "uri": "cartSpring.feature"
  }
]